<?xml version="1.0" encoding="UTF-8"?>
<!-- Generated by org.testng.reporters.JUnitXMLReporter -->
<testsuite ignored="0" hostname="DESKTOP-IP4972A" failures="0" tests="7" name="Regression Test" time="50.857" errors="0" timestamp="2024-02-20T15:19:58 EET">
  <testcase classname="tests.AddProductToCompareTest" name="UserCanCompareProducts" time="16.153"/>
  <testcase classname="tests.AddProductToCompareTest" name="UserCanClearCompareList" time="1.874"/>
  <testcase classname="tests.AddProductReviewTestWithJavaFaker" name="UserCanRegisterSuccessfully" time="2.796"/>
  <testcase classname="tests.AddProductReviewTestWithJavaFaker" name="RegisteredUserCanLogin" time="2.228"/>
  <testcase classname="tests.AddProductReviewTestWithJavaFaker" name="UserCanSearchUsingAutoSuggest" time="4.36"/>
  <testcase classname="tests.AddProductReviewTestWithJavaFaker" name="RegisteredUserCanReviewProduct" time="2.571"/>
  <testcase classname="tests.AddProductReviewTestWithJavaFaker" name="RegisteredUserCanLogout" time="1.138"/>
</testsuite> <!-- Regression Test -->
